<?xml version="1.0" encoding="UTF-8"?>
<testsuite xmlns:xsi="http://www.w3.org/2001/XMLSchema-instance" xsi:noNamespaceSchemaLocation="https://maven.apache.org/surefire/maven-surefire-plugin/xsd/surefire-test-report-3.0.xsd" version="3.0" name="TestMathUtil" time="0.136" tests="5" errors="0" skipped="0" failures="0">
  <properties>
[...]
</properties>
  <testcase name="testAdd" classname="TestMathUtil" time="0.008"/>
  <testcase name="testSubtract" classname="TestMathUtil" time="0"/>
  <testcase name="test" classname="TestMathUtil" time="0"/>
  <testcase name="testDivide" classname="TestMathUtil" time="0.007">
    <system-err><![CDATA[Error: Division by zero is not allowed.
]]></system-err>
  </testcase>
  <testcase name="testMultiply" classname="TestMathUtil" time="0"/>
</testsuite>